Loading required package: Matrix
Loading required package: lattice
model name:             concoct.0 
number of compartments  2 
                        c0 
                        e0 
number of reactions:    1113 
number of metabolites:  1035 
number of unique genes: 180 
objective function:     +1 EX_cpd11416_c0 
calculating 2226 optimizations ... OK
model name:             concoct.105_sub 
number of compartments  3 
                        c0 
                        e0 
                        p0 
number of reactions:    1475 
number of metabolites:  1311 
number of unique genes: 325 
objective function:     +1 EX_cpd11416_c0 
calculating 2950 optimizations ... OK
model name:             concoct.106 
number of compartments  2 
                        c0 
                        e0 
number of reactions:    778 
number of metabolites:  759 
number of unique genes: 67 
objective function:     +1 EX_cpd11416_c0 
calculating 1556 optimizations ... OK
model name:             concoct.108 
number of compartments  3 
                        c0 
                        e0 
                        p0 
number of reactions:    1301 
number of metabolites:  1167 
number of unique genes: 231 
objective function:     +1 EX_cpd11416_c0 
calculating 2602 optimizations ... OK
model name:             concoct.109 
number of compartments  3 
                        c0 
                        e0 
                        p0 
number of reactions:    1747 
number of metabolites:  1565 
number of unique genes: 496 
objective function:     +1 EX_cpd11416_c0 
calculating 3494 optimizations ... OK
model name:             concoct.115 
number of compartments  3 
                        c0 
                        e0 
                        p0 
number of reactions:    1509 
number of metabolites:  1284 
number of unique genes: 346 
objective function:     +1 EX_cpd11416_c0 
calculating 3018 optimizations ... OK
model name:             concoct.116_sub 
number of compartments  3 
                        c0 
                        e0 
                        p0 
number of reactions:    1438 
number of metabolites:  1267 
number of unique genes: 313 
objective function:     +1 EX_cpd11416_c0 
calculating 2876 optimizations ... OK
model name:             concoct.118_sub 
number of compartments  3 
                        c0 
                        e0 
                        p0 
number of reactions:    1460 
number of metabolites:  1342 
number of unique genes: 309 
objective function:     +1 EX_cpd11416_c0 
calculating 2920 optimizations ... OK
model name:             concoct.119 
number of compartments  3 
                        c0 
                        e0 
                        p0 
number of reactions:    1568 
number of metabolites:  1389 
number of unique genes: 446 
objective function:     +1 EX_cpd11416_c0 
calculating 3136 optimizations ... OK
model name:             concoct.123 
number of compartments  3 
                        c0 
                        e0 
                        p0 
number of reactions:    1590 
number of metabolites:  1361 
number of unique genes: 369 
objective function:     +1 EX_cpd11416_c0 
calculating 3180 optimizations ... OK
model name:             concoct.132 
number of compartments  3 
                        c0 
                        e0 
                        p0 
number of reactions:    1371 
number of metabolites:  1191 
number of unique genes: 347 
objective function:     +1 EX_cpd11416_c0 
calculating 2742 optimizations ... OK
model name:             concoct.133 
number of compartments  2 
                        c0 
                        e0 
number of reactions:    1174 
number of metabolites:  1066 
number of unique genes: 238 
objective function:     +1 EX_cpd11416_c0 
calculating 2348 optimizations ... OK
model name:             concoct.135_sub 
number of compartments  3 
                        c0 
                        e0 
                        p0 
number of reactions:    1556 
number of metabolites:  1410 
number of unique genes: 407 
objective function:     +1 EX_cpd11416_c0 
calculating 3112 optimizations ... OK
model name:             concoct.140 
number of compartments  3 
                        c0 
                        e0 
                        p0 
number of reactions:    1639 
number of metabolites:  1439 
number of unique genes: 411 
objective function:     +1 EX_cpd11416_c0 
calculating 3278 optimizations ... OK
model name:             concoct.142 
number of compartments  3 
                        c0 
                        e0 
                        p0 
number of reactions:    1549 
number of metabolites:  1423 
number of unique genes: 360 
objective function:     +1 EX_cpd11416_c0 
calculating 3098 optimizations ... OK
model name:             concoct.144_sub 
number of compartments  3 
                        c0 
                        e0 
                        p0 
number of reactions:    1650 
number of metabolites:  1442 
number of unique genes: 410 
objective function:     +1 EX_cpd11416_c0 
calculating 3300 optimizations ... OK
model name:             concoct.148 
number of compartments  3 
                        c0 
                        e0 
                        p0 
number of reactions:    1129 
number of metabolites:  1073 
number of unique genes: 172 
objective function:     +1 EX_cpd11416_c0 
calculating 2258 optimizations ... OK
model name:             concoct.150 
number of compartments  3 
                        c0 
                        e0 
                        p0 
number of reactions:    1537 
number of metabolites:  1403 
number of unique genes: 380 
objective function:     +1 EX_cpd11416_c0 
calculating 3074 optimizations ... OK
model name:             concoct.151 
number of compartments  2 
                        c0 
                        e0 
number of reactions:    1293 
number of metabolites:  1159 
number of unique genes: 265 
objective function:     +1 EX_cpd11416_c0 
calculating 2586 optimizations ... OK
model name:             concoct.154_sub 
number of compartments  2 
                        c0 
                        e0 
number of reactions:    1281 
number of metabolites:  1163 
number of unique genes: 200 
objective function:     +1 EX_cpd11416_c0 
calculating 2562 optimizations ... OK
model name:             concoct.155 
number of compartments  3 
                        c0 
                        e0 
                        p0 
number of reactions:    1719 
number of metabolites:  1480 
number of unique genes: 468 
objective function:     +1 EX_cpd11416_c0 
calculating 3438 optimizations ... OK
model name:             concoct.164_sub 
number of compartments  3 
                        c0 
                        e0 
                        p0 
number of reactions:    1311 
number of metabolites:  1166 
number of unique genes: 283 
objective function:     +1 EX_cpd11416_c0 
calculating 2622 optimizations ... OK
model name:             concoct.165_sub 
number of compartments  3 
                        c0 
                        e0 
                        p0 
number of reactions:    1425 
number of metabolites:  1267 
number of unique genes: 348 
objective function:     +1 EX_cpd11416_c0 
calculating 2850 optimizations ... OK
model name:             concoct.169 
number of compartments  3 
                        c0 
                        e0 
                        p0 
number of reactions:    1560 
number of metabolites:  1384 
number of unique genes: 344 
objective function:     +1 EX_cpd11416_c0 
calculating 3120 optimizations ... OK
model name:             concoct.173_sub 
number of compartments  2 
                        c0 
                        e0 
number of reactions:    1582 
number of metabolites:  1400 
number of unique genes: 405 
objective function:     +1 EX_cpd11416_c0 
calculating 3164 optimizations ... OK
model name:             concoct.177_sub 
number of compartments  3 
                        c0 
                        e0 
                        p0 
number of reactions:    1409 
number of metabolites:  1301 
number of unique genes: 282 
objective function:     +1 EX_cpd11416_c0 
calculating 2818 optimizations ... OK
model name:             concoct.178_sub 
number of compartments  2 
                        c0 
                        e0 
number of reactions:    927 
number of metabolites:  830 
number of unique genes: 149 
objective function:     +1 EX_cpd11416_c0 
calculating 1854 optimizations ... OK
model name:             concoct.184 
number of compartments  3 
                        c0 
                        e0 
                        p0 
number of reactions:    1328 
number of metabolites:  1219 
number of unique genes: 279 
objective function:     +1 EX_cpd11416_c0 
calculating 2656 optimizations ... OK
model name:             concoct.190 
number of compartments  3 
                        c0 
                        e0 
                        p0 
number of reactions:    1227 
number of metabolites:  1122 
number of unique genes: 282 
objective function:     +1 EX_cpd11416_c0 
calculating 2454 optimizations ... OK
model name:             concoct.193 
number of compartments  3 
                        c0 
                        e0 
                        p0 
number of reactions:    1354 
number of metabolites:  1238 
number of unique genes: 277 
objective function:     +1 EX_cpd11416_c0 
calculating 2708 optimizations ... OK
model name:             concoct.196 
number of compartments  3 
                        c0 
                        e0 
                        p0 
number of reactions:    1147 
number of metabolites:  1059 
number of unique genes: 251 
objective function:     +1 EX_cpd11416_c0 
calculating 2294 optimizations ... OK
model name:             concoct.201 
number of compartments  2 
                        c0 
                        e0 
number of reactions:    1068 
number of metabolites:  945 
number of unique genes: 148 
objective function:     +1 EX_cpd11416_c0 
calculating 2136 optimizations ... OK
model name:             concoct.202_sub 
number of compartments  3 
                        c0 
                        e0 
                        p0 
number of reactions:    1435 
number of metabolites:  1301 
number of unique genes: 361 
objective function:     +1 EX_cpd11416_c0 
calculating 2870 optimizations ... OK
model name:             concoct.206_sub 
number of compartments  3 
                        c0 
                        e0 
                        p0 
number of reactions:    1736 
number of metabolites:  1569 
number of unique genes: 426 
objective function:     +1 EX_cpd11416_c0 
calculating 3472 optimizations ... OK
model name:             concoct.207_sub 
number of compartments  3 
                        c0 
                        e0 
                        p0 
number of reactions:    1113 
number of metabolites:  1032 
number of unique genes: 199 
objective function:     +1 EX_cpd11416_c0 
calculating 2226 optimizations ... OK
model name:             concoct.212_sub 
number of compartments  3 
                        c0 
                        e0 
                        p0 
number of reactions:    1598 
number of metabolites:  1425 
number of unique genes: 478 
objective function:     +1 EX_cpd11416_c0 
calculating 3196 optimizations ... OK
model name:             concoct.213 
number of compartments  3 
                        c0 
                        e0 
                        p0 
number of reactions:    1531 
number of metabolites:  1385 
number of unique genes: 322 
objective function:     +1 EX_cpd11416_c0 
calculating 3062 optimizations ... OK
model name:             concoct.215 
number of compartments  3 
                        c0 
                        e0 
                        p0 
number of reactions:    1500 
number of metabolites:  1352 
number of unique genes: 353 
objective function:     +1 EX_cpd11416_c0 
calculating 3000 optimizations ... OK
model name:             concoct.216 
number of compartments  3 
                        c0 
                        e0 
                        p0 
number of reactions:    1587 
number of metabolites:  1432 
number of unique genes: 357 
objective function:     +1 EX_cpd11416_c0 
calculating 3174 optimizations ... OK
model name:             concoct.219_sub 
number of compartments  3 
                        c0 
                        e0 
                        p0 
number of reactions:    1279 
number of metabolites:  1162 
number of unique genes: 246 
objective function:     +1 EX_cpd11416_c0 
calculating 2558 optimizations ... OK
model name:             concoct.223 
number of compartments  2 
                        c0 
                        e0 
number of reactions:    1057 
number of metabolites:  949 
number of unique genes: 192 
objective function:     +1 EX_cpd11416_c0 
calculating 2114 optimizations ... OK
model name:             concoct.226 
number of compartments  3 
                        c0 
                        e0 
                        p0 
number of reactions:    1786 
number of metabolites:  1590 
number of unique genes: 514 
objective function:     +1 EX_cpd11416_c0 
calculating 3572 optimizations ... OK
model name:             concoct.23_sub 
number of compartments  3 
                        c0 
                        e0 
                        p0 
number of reactions:    1475 
number of metabolites:  1331 
number of unique genes: 363 
objective function:     +1 EX_cpd11416_c0 
calculating 2950 optimizations ... OK
model name:             concoct.234 
number of compartments  2 
                        c0 
                        e0 
number of reactions:    748 
number of metabolites:  736 
number of unique genes: 95 
objective function:     +1 EX_cpd11416_c0 
calculating 1496 optimizations ... OK
model name:             concoct.236 
number of compartments  2 
                        c0 
                        e0 
number of reactions:    1310 
number of metabolites:  1192 
number of unique genes: 206 
objective function:     +1 EX_cpd11416_c0 
calculating 2620 optimizations ... OK
model name:             concoct.237 
number of compartments  3 
                        c0 
                        e0 
                        p0 
number of reactions:    1202 
number of metabolites:  1093 
number of unique genes: 222 
objective function:     +1 EX_cpd11416_c0 
calculating 2404 optimizations ... OK
model name:             concoct.238 
number of compartments  3 
                        c0 
                        e0 
                        p0 
number of reactions:    1513 
number of metabolites:  1344 
number of unique genes: 378 
objective function:     +1 EX_cpd11416_c0 
calculating 3026 optimizations ... OK
model name:             concoct.245_sub 
number of compartments  3 
                        c0 
                        e0 
                        p0 
number of reactions:    1636 
number of metabolites:  1445 
number of unique genes: 433 
objective function:     +1 EX_cpd11416_c0 
calculating 3272 optimizations ... OK
model name:             concoct.246_sub 
number of compartments  3 
                        c0 
                        e0 
                        p0 
number of reactions:    1686 
number of metabolites:  1485 
number of unique genes: 487 
objective function:     +1 EX_cpd11416_c0 
calculating 3372 optimizations ... OK
model name:             concoct.247 
number of compartments  3 
                        c0 
                        e0 
                        p0 
number of reactions:    1587 
number of metabolites:  1421 
number of unique genes: 430 
objective function:     +1 EX_cpd11416_c0 
calculating 3174 optimizations ... OK
model name:             concoct.254 
number of compartments  3 
                        c0 
                        e0 
                        p0 
number of reactions:    1609 
number of metabolites:  1425 
number of unique genes: 413 
objective function:     +1 EX_cpd11416_c0 
calculating 3218 optimizations ... OK
model name:             concoct.258_sub 
number of compartments  3 
                        c0 
                        e0 
                        p0 
number of reactions:    1417 
number of metabolites:  1303 
number of unique genes: 305 
objective function:     +1 EX_cpd11416_c0 
calculating 2834 optimizations ... OK
model name:             concoct.265 
number of compartments  3 
                        c0 
                        e0 
                        p0 
number of reactions:    1484 
number of metabolites:  1325 
number of unique genes: 296 
objective function:     +1 EX_cpd11416_c0 
calculating 2968 optimizations ... OK
model name:             concoct.267 
number of compartments  3 
                        c0 
                        e0 
                        p0 
number of reactions:    1531 
number of metabolites:  1346 
number of unique genes: 369 
objective function:     +1 EX_cpd11416_c0 
calculating 3062 optimizations ... OK
model name:             concoct.27_sub 
number of compartments  3 
                        c0 
                        e0 
                        p0 
number of reactions:    1576 
number of metabolites:  1466 
number of unique genes: 351 
objective function:     +1 EX_cpd11416_c0 
calculating 3152 optimizations ... OK
model name:             concoct.271_sub 
number of compartments  2 
                        c0 
                        e0 
number of reactions:    1595 
number of metabolites:  1446 
number of unique genes: 484 
objective function:     +1 EX_cpd11416_c0 
calculating 3190 optimizations ... OK
model name:             concoct.280_sub 
number of compartments  2 
                        c0 
                        e0 
number of reactions:    1704 
number of metabolites:  1510 
number of unique genes: 395 
objective function:     +1 EX_cpd11416_c0 
calculating 3408 optimizations ... OK
model name:             concoct.287_sub 
number of compartments  3 
                        c0 
                        e0 
                        p0 
number of reactions:    1690 
number of metabolites:  1521 
number of unique genes: 503 
objective function:     +1 EX_cpd11416_c0 
calculating 3380 optimizations ... OK
model name:             concoct.292 
number of compartments  3 
                        c0 
                        e0 
                        p0 
number of reactions:    1486 
number of metabolites:  1321 
number of unique genes: 310 
objective function:     +1 EX_cpd11416_c0 
calculating 2972 optimizations ... OK
model name:             concoct.293 
number of compartments  3 
                        c0 
                        e0 
                        p0 
number of reactions:    1248 
number of metabolites:  1196 
number of unique genes: 280 
objective function:     +1 EX_cpd11416_c0 
calculating 2496 optimizations ... OK
model name:             concoct.295 
number of compartments  3 
                        c0 
                        e0 
                        p0 
number of reactions:    1406 
number of metabolites:  1252 
number of unique genes: 288 
objective function:     +1 EX_cpd11416_c0 
calculating 2812 optimizations ... OK
model name:             concoct.297 
number of compartments  3 
                        c0 
                        e0 
                        p0 
number of reactions:    1109 
number of metabolites:  983 
number of unique genes: 223 
objective function:     +1 EX_cpd11416_c0 
calculating 2218 optimizations ... OK
model name:             concoct.301 
number of compartments  3 
                        c0 
                        e0 
                        p0 
number of reactions:    1306 
number of metabolites:  1206 
number of unique genes: 290 
objective function:     +1 EX_cpd11416_c0 
calculating 2612 optimizations ... OK
model name:             concoct.304_sub 
number of compartments  3 
                        c0 
                        e0 
                        p0 
number of reactions:    1541 
number of metabolites:  1375 
number of unique genes: 369 
objective function:     +1 EX_cpd11416_c0 
calculating 3082 optimizations ... OK
model name:             concoct.310 
number of compartments  3 
                        c0 
                        e0 
                        p0 
number of reactions:    1456 
number of metabolites:  1309 
number of unique genes: 294 
objective function:     +1 EX_cpd11416_c0 
calculating 2912 optimizations ... OK
model name:             concoct.312_sub 
number of compartments  3 
                        c0 
                        e0 
                        p0 
number of reactions:    1031 
number of metabolites:  993 
number of unique genes: 145 
objective function:     +1 EX_cpd11416_c0 
calculating 2062 optimizations ... OK
model name:             concoct.315 
number of compartments  3 
                        c0 
                        e0 
                        p0 
number of reactions:    1412 
number of metabolites:  1264 
number of unique genes: 347 
objective function:     +1 EX_cpd11416_c0 
calculating 2824 optimizations ... OK
model name:             concoct.34_sub 
number of compartments  3 
                        c0 
                        e0 
                        p0 
number of reactions:    1450 
number of metabolites:  1290 
number of unique genes: 301 
objective function:     +1 EX_cpd11416_c0 
calculating 2900 optimizations ... OK
model name:             concoct.38_sub 
number of compartments  3 
                        c0 
                        e0 
                        p0 
number of reactions:    1405 
number of metabolites:  1234 
number of unique genes: 349 
objective function:     +1 EX_cpd11416_c0 
calculating 2810 optimizations ... OK
model name:             concoct.39_sub 
number of compartments  3 
                        c0 
                        e0 
                        p0 
number of reactions:    1439 
number of metabolites:  1328 
number of unique genes: 308 
objective function:     +1 EX_cpd11416_c0 
calculating 2878 optimizations ... OK
model name:             concoct.42 
number of compartments  3 
                        c0 
                        e0 
                        p0 
number of reactions:    1496 
number of metabolites:  1334 
number of unique genes: 322 
objective function:     +1 EX_cpd11416_c0 
calculating 2992 optimizations ... OK
model name:             concoct.46 
number of compartments  3 
                        c0 
                        e0 
                        p0 
number of reactions:    1333 
number of metabolites:  1208 
number of unique genes: 326 
objective function:     +1 EX_cpd11416_c0 
calculating 2666 optimizations ... OK
model name:             concoct.52 
number of compartments  3 
                        c0 
                        e0 
                        p0 
number of reactions:    1520 
number of metabolites:  1390 
number of unique genes: 329 
objective function:     +1 EX_cpd11416_c0 
calculating 3040 optimizations ... OK
model name:             concoct.57 
number of compartments  3 
                        c0 
                        e0 
                        p0 
number of reactions:    1146 
number of metabolites:  1073 
number of unique genes: 241 
objective function:     +1 EX_cpd11416_c0 
calculating 2292 optimizations ... OK
model name:             concoct.60 
number of compartments  3 
                        c0 
                        e0 
                        p0 
number of reactions:    1579 
number of metabolites:  1380 
number of unique genes: 336 
objective function:     +1 EX_cpd11416_c0 
calculating 3158 optimizations ... OK
model name:             concoct.62 
number of compartments  3 
                        c0 
                        e0 
                        p0 
number of reactions:    1350 
number of metabolites:  1213 
number of unique genes: 247 
objective function:     +1 EX_cpd11416_c0 
calculating 2700 optimizations ... OK
model name:             concoct.66 
number of compartments  3 
                        c0 
                        e0 
                        p0 
number of reactions:    1851 
number of metabolites:  1588 
number of unique genes: 519 
objective function:     +1 EX_cpd11416_c0 
calculating 3702 optimizations ... OK
model name:             concoct.7_sub 
number of compartments  3 
                        c0 
                        e0 
                        p0 
number of reactions:    1054 
number of metabolites:  1008 
number of unique genes: 209 
objective function:     +1 EX_cpd11416_c0 
calculating 2108 optimizations ... OK
model name:             concoct.74 
number of compartments  3 
                        c0 
                        e0 
                        p0 
number of reactions:    1774 
number of metabolites:  1553 
number of unique genes: 500 
objective function:     +1 EX_cpd11416_c0 
calculating 3548 optimizations ... OK
model name:             concoct.84 
number of compartments  3 
                        c0 
                        e0 
                        p0 
number of reactions:    1603 
number of metabolites:  1411 
number of unique genes: 371 
objective function:     +1 EX_cpd11416_c0 
calculating 3206 optimizations ... OK
model name:             concoct.85 
number of compartments  3 
                        c0 
                        e0 
                        p0 
number of reactions:    1180 
number of metabolites:  1123 
number of unique genes: 283 
objective function:     +1 EX_cpd11416_c0 
calculating 2360 optimizations ... OK
model name:             concoct.87 
number of compartments  3 
                        c0 
                        e0 
                        p0 
number of reactions:    1573 
number of metabolites:  1389 
number of unique genes: 346 
objective function:     +1 EX_cpd11416_c0 
calculating 3146 optimizations ... OK
model name:             concoct.93 
number of compartments  3 
                        c0 
                        e0 
                        p0 
number of reactions:    1601 
number of metabolites:  1437 
number of unique genes: 447 
objective function:     +1 EX_cpd11416_c0 
calculating 3202 optimizations ... OK
model name:             concoct.95 
number of compartments  3 
                        c0 
                        e0 
                        p0 
number of reactions:    902 
number of metabolites:  889 
number of unique genes: 119 
objective function:     +1 EX_cpd11416_c0 
calculating 1804 optimizations ... OK
model name:             concoct.99_sub 
number of compartments  3 
                        c0 
                        e0 
                        p0 
number of reactions:    1378 
number of metabolites:  1279 
number of unique genes: 316 
objective function:     +1 EX_cpd11416_c0 
calculating 2756 optimizations ... OK
model name:             maxbin.562_sub 
number of compartments  3 
                        c0 
                        e0 
                        p0 
number of reactions:    1742 
number of metabolites:  1506 
number of unique genes: 468 
objective function:     +1 EX_cpd11416_c0 
calculating 3484 optimizations ... OK
model name:             metabat.1 
number of compartments  3 
                        c0 
                        e0 
                        p0 
number of reactions:    1680 
number of metabolites:  1480 
number of unique genes: 402 
objective function:     +1 EX_cpd11416_c0 
calculating 3360 optimizations ... OK
model name:             metabat.103 
number of compartments  3 
                        c0 
                        e0 
                        p0 
number of reactions:    1361 
number of metabolites:  1225 
number of unique genes: 258 
objective function:     +1 EX_cpd11416_c0 
calculating 2722 optimizations ... OK
model name:             metabat.104 
number of compartments  3 
                        c0 
                        e0 
                        p0 
number of reactions:    1170 
number of metabolites:  1124 
number of unique genes: 255 
objective function:     +1 EX_cpd11416_c0 
calculating 2340 optimizations ... OK
model name:             metabat.107 
number of compartments  2 
                        c0 
                        e0 
number of reactions:    1053 
number of metabolites:  1010 
number of unique genes: 150 
objective function:     +1 EX_cpd11416_c0 
calculating 2106 optimizations ... OK
model name:             metabat.110_sub 
number of compartments  3 
                        c0 
                        e0 
                        p0 
number of reactions:    1423 
number of metabolites:  1299 
number of unique genes: 325 
objective function:     +1 EX_cpd11416_c0 
calculating 2846 optimizations ... OK
model name:             metabat.123 
number of compartments  3 
                        c0 
                        e0 
                        p0 
number of reactions:    1220 
number of metabolites:  1178 
number of unique genes: 269 
objective function:     +1 EX_cpd11416_c0 
calculating 2440 optimizations ... OK
model name:             metabat.129 
number of compartments  2 
                        c0 
                        e0 
number of reactions:    772 
number of metabolites:  768 
number of unique genes: 76 
objective function:     +1 EX_cpd11416_c0 
calculating 1544 optimizations ... OK
model name:             metabat.137 
number of compartments  3 
                        c0 
                        e0 
                        p0 
number of reactions:    1643 
number of metabolites:  1461 
number of unique genes: 371 
objective function:     +1 EX_cpd11416_c0 
calculating 3286 optimizations ... OK
model name:             metabat.138 
number of compartments  3 
                        c0 
                        e0 
                        p0 
number of reactions:    1324 
number of metabolites:  1251 
number of unique genes: 280 
objective function:     +1 EX_cpd11416_c0 
calculating 2648 optimizations ... OK
model name:             metabat.139 
number of compartments  3 
                        c0 
                        e0 
                        p0 
number of reactions:    1629 
number of metabolites:  1433 
number of unique genes: 377 
objective function:     +1 EX_cpd11416_c0 
calculating 3258 optimizations ... OK
model name:             metabat.150 
number of compartments  3 
                        c0 
                        e0 
                        p0 
number of reactions:    1482 
number of metabolites:  1313 
number of unique genes: 339 
objective function:     +1 EX_cpd11416_c0 
calculating 2964 optimizations ... OK
model name:             metabat.152 
number of compartments  3 
                        c0 
                        e0 
                        p0 
number of reactions:    1502 
number of metabolites:  1346 
number of unique genes: 383 
objective function:     +1 EX_cpd11416_c0 
calculating 3004 optimizations ... OK
model name:             metabat.157_sub 
number of compartments  2 
                        c0 
                        e0 
number of reactions:    1572 
number of metabolites:  1453 
number of unique genes: 402 
objective function:     +1 EX_cpd11416_c0 
calculating 3144 optimizations ... OK
model name:             metabat.163_sub 
number of compartments  3 
                        c0 
                        e0 
                        p0 
number of reactions:    1796 
number of metabolites:  1594 
number of unique genes: 618 
objective function:     +1 EX_cpd11416_c0 
calculating 3592 optimizations ... OK
model name:             metabat.165_sub 
number of compartments  3 
                        c0 
                        e0 
                        p0 
number of reactions:    1526 
number of metabolites:  1374 
number of unique genes: 347 
objective function:     +1 EX_cpd11416_c0 
calculating 3052 optimizations ... OK
model name:             metabat.181 
number of compartments  3 
                        c0 
                        e0 
                        p0 
number of reactions:    1279 
number of metabolites:  1164 
number of unique genes: 283 
objective function:     +1 EX_cpd11416_c0 
calculating 2558 optimizations ... OK
model name:             metabat.182 
number of compartments  3 
                        c0 
                        e0 
                        p0 
number of reactions:    1322 
number of metabolites:  1187 
number of unique genes: 275 
objective function:     +1 EX_cpd11416_c0 
calculating 2644 optimizations ... OK
model name:             metabat.184 
number of compartments  3 
                        c0 
                        e0 
                        p0 
number of reactions:    1027 
number of metabolites:  1023 
number of unique genes: 146 
objective function:     +1 EX_cpd11416_c0 
calculating 2054 optimizations ... OK
model name:             metabat.19 
number of compartments  2 
                        c0 
                        e0 
number of reactions:    1725 
number of metabolites:  1493 
number of unique genes: 420 
objective function:     +1 EX_cpd11416_c0 
calculating 3450 optimizations ... OK
model name:             metabat.191 
number of compartments  3 
                        c0 
                        e0 
                        p0 
number of reactions:    1359 
number of metabolites:  1243 
number of unique genes: 316 
objective function:     +1 EX_cpd11416_c0 
calculating 2718 optimizations ... OK
model name:             metabat.194 
number of compartments  3 
                        c0 
                        e0 
                        p0 
number of reactions:    1628 
number of metabolites:  1443 
number of unique genes: 444 
objective function:     +1 EX_cpd11416_c0 
calculating 3256 optimizations ... OK
model name:             metabat.196 
number of compartments  3 
                        c0 
                        e0 
                        p0 
number of reactions:    1422 
number of metabolites:  1316 
number of unique genes: 305 
objective function:     +1 EX_cpd11416_c0 
calculating 2844 optimizations ... OK
model name:             metabat.199 
number of compartments  3 
                        c0 
                        e0 
                        p0 
number of reactions:    1626 
number of metabolites:  1471 
number of unique genes: 394 
objective function:     +1 EX_cpd11416_c0 
calculating 3252 optimizations ... OK
model name:             metabat.204 
number of compartments  3 
                        c0 
                        e0 
                        p0 
number of reactions:    1365 
number of metabolites:  1236 
number of unique genes: 302 
objective function:     +1 EX_cpd11416_c0 
calculating 2730 optimizations ... OK
model name:             metabat.205 
number of compartments  2 
                        c0 
                        e0 
number of reactions:    783 
number of metabolites:  775 
number of unique genes: 107 
objective function:     +1 EX_cpd11416_c0 
calculating 1566 optimizations ... OK
model name:             metabat.208_sub 
number of compartments  3 
                        c0 
                        e0 
                        p0 
number of reactions:    1525 
number of metabolites:  1324 
number of unique genes: 318 
objective function:     +1 EX_cpd11416_c0 
calculating 3050 optimizations ... OK
model name:             metabat.211 
number of compartments  3 
                        c0 
                        e0 
                        p0 
number of reactions:    1322 
number of metabolites:  1180 
number of unique genes: 311 
objective function:     +1 EX_cpd11416_c0 
calculating 2644 optimizations ... OK
model name:             metabat.213_sub 
number of compartments  3 
                        c0 
                        e0 
                        p0 
number of reactions:    1667 
number of metabolites:  1455 
number of unique genes: 476 
objective function:     +1 EX_cpd11416_c0 
calculating 3334 optimizations ... OK
model name:             metabat.214 
number of compartments  3 
                        c0 
                        e0 
                        p0 
number of reactions:    1360 
number of metabolites:  1241 
number of unique genes: 322 
objective function:     +1 EX_cpd11416_c0 
calculating 2720 optimizations ... OK
model name:             metabat.215 
number of compartments  3 
                        c0 
                        e0 
                        p0 
number of reactions:    1479 
number of metabolites:  1306 
number of unique genes: 388 
objective function:     +1 EX_cpd11416_c0 
calculating 2958 optimizations ... OK
model name:             metabat.217 
number of compartments  3 
                        c0 
                        e0 
                        p0 
number of reactions:    1654 
number of metabolites:  1496 
number of unique genes: 398 
objective function:     +1 EX_cpd11416_c0 
calculating 3308 optimizations ... OK
model name:             metabat.218 
number of compartments  3 
                        c0 
                        e0 
                        p0 
number of reactions:    1589 
number of metabolites:  1413 
number of unique genes: 401 
objective function:     +1 EX_cpd11416_c0 
calculating 3178 optimizations ... OK
model name:             metabat.220 
number of compartments  3 
                        c0 
                        e0 
                        p0 
number of reactions:    1405 
number of metabolites:  1274 
number of unique genes: 380 
objective function:     +1 EX_cpd11416_c0 
calculating 2810 optimizations ... OK
model name:             metabat.221 
number of compartments  3 
                        c0 
                        e0 
                        p0 
number of reactions:    933 
number of metabolites:  924 
number of unique genes: 116 
objective function:     +1 EX_cpd11416_c0 
calculating 1866 optimizations ... OK
model name:             metabat.222 
number of compartments  3 
                        c0 
                        e0 
                        p0 
number of reactions:    1680 
number of metabolites:  1487 
number of unique genes: 426 
objective function:     +1 EX_cpd11416_c0 
calculating 3360 optimizations ... OK
model name:             metabat.223 
number of compartments  3 
                        c0 
                        e0 
                        p0 
number of reactions:    1514 
number of metabolites:  1357 
number of unique genes: 339 
objective function:     +1 EX_cpd11416_c0 
calculating 3028 optimizations ... OK
model name:             metabat.226 
number of compartments  2 
                        c0 
                        e0 
number of reactions:    1445 
number of metabolites:  1326 
number of unique genes: 305 
objective function:     +1 EX_cpd11416_c0 
calculating 2890 optimizations ... OK
model name:             metabat.228_sub 
number of compartments  3 
                        c0 
                        e0 
                        p0 
number of reactions:    1605 
number of metabolites:  1463 
number of unique genes: 431 
objective function:     +1 EX_cpd11416_c0 
calculating 3210 optimizations ... OK
model name:             metabat.234 
number of compartments  3 
                        c0 
                        e0 
                        p0 
number of reactions:    1382 
number of metabolites:  1253 
number of unique genes: 327 
objective function:     +1 EX_cpd11416_c0 
calculating 2764 optimizations ... OK
model name:             metabat.235 
number of compartments  3 
                        c0 
                        e0 
                        p0 
number of reactions:    1146 
number of metabolites:  1124 
number of unique genes: 241 
objective function:     +1 EX_cpd11416_c0 
calculating 2292 optimizations ... OK
model name:             metabat.25 
number of compartments  3 
                        c0 
                        e0 
                        p0 
number of reactions:    1415 
number of metabolites:  1320 
number of unique genes: 349 
objective function:     +1 EX_cpd11416_c0 
calculating 2830 optimizations ... OK
model name:             metabat.250 
number of compartments  3 
                        c0 
                        e0 
                        p0 
number of reactions:    1581 
number of metabolites:  1407 
number of unique genes: 438 
objective function:     +1 EX_cpd11416_c0 
calculating 3162 optimizations ... OK
model name:             metabat.251 
number of compartments  3 
                        c0 
                        e0 
                        p0 
number of reactions:    1368 
number of metabolites:  1232 
number of unique genes: 272 
objective function:     +1 EX_cpd11416_c0 
calculating 2736 optimizations ... OK
model name:             metabat.256 
number of compartments  3 
                        c0 
                        e0 
                        p0 
number of reactions:    1147 
number of metabolites:  1128 
number of unique genes: 180 
objective function:     +1 EX_cpd11416_c0 
calculating 2294 optimizations ... OK
model name:             metabat.268 
number of compartments  3 
                        c0 
                        e0 
                        p0 
number of reactions:    1155 
number of metabolites:  1056 
number of unique genes: 221 
objective function:     +1 EX_cpd11416_c0 
calculating 2310 optimizations ... OK
model name:             metabat.269 
number of compartments  3 
                        c0 
                        e0 
                        p0 
number of reactions:    1582 
number of metabolites:  1416 
number of unique genes: 415 
objective function:     +1 EX_cpd11416_c0 
calculating 3164 optimizations ... OK
model name:             metabat.270 
number of compartments  3 
                        c0 
                        e0 
                        p0 
number of reactions:    1985 
number of metabolites:  1698 
number of unique genes: 515 
objective function:     +1 EX_cpd11416_c0 
calculating 3970 optimizations ... OK
model name:             metabat.275 
number of compartments  2 
                        c0 
                        e0 
number of reactions:    728 
number of metabolites:  721 
number of unique genes: 63 
objective function:     +1 EX_cpd11416_c0 
calculating 1456 optimizations ... OK
model name:             metabat.279 
number of compartments  3 
                        c0 
                        e0 
                        p0 
number of reactions:    1446 
number of metabolites:  1310 
number of unique genes: 280 
objective function:     +1 EX_cpd11416_c0 
calculating 2892 optimizations ... OK
model name:             metabat.28 
number of compartments  3 
                        c0 
                        e0 
                        p0 
number of reactions:    1376 
number of metabolites:  1226 
number of unique genes: 263 
objective function:     +1 EX_cpd11416_c0 
calculating 2752 optimizations ... OK
model name:             metabat.280 
number of compartments  2 
                        c0 
                        e0 
number of reactions:    1192 
number of metabolites:  1071 
number of unique genes: 236 
objective function:     +1 EX_cpd11416_c0 
calculating 2384 optimizations ... OK
model name:             metabat.282 
number of compartments  3 
                        c0 
                        e0 
                        p0 
number of reactions:    1515 
number of metabolites:  1340 
number of unique genes: 375 
objective function:     +1 EX_cpd11416_c0 
calculating 3030 optimizations ... OK
model name:             metabat.288 
number of compartments  3 
                        c0 
                        e0 
                        p0 
number of reactions:    1419 
number of metabolites:  1264 
number of unique genes: 331 
objective function:     +1 EX_cpd11416_c0 
calculating 2838 optimizations ... OK
model name:             metabat.29 
number of compartments  3 
                        c0 
                        e0 
                        p0 
number of reactions:    1378 
number of metabolites:  1276 
number of unique genes: 301 
objective function:     +1 EX_cpd11416_c0 
calculating 2756 optimizations ... OK
model name:             metabat.295 
number of compartments  3 
                        c0 
                        e0 
                        p0 
number of reactions:    1513 
number of metabolites:  1336 
number of unique genes: 340 
objective function:     +1 EX_cpd11416_c0 
calculating 3026 optimizations ... OK
model name:             metabat.297 
number of compartments  3 
                        c0 
                        e0 
                        p0 
number of reactions:    1632 
number of metabolites:  1468 
number of unique genes: 410 
objective function:     +1 EX_cpd11416_c0 
calculating 3264 optimizations ... OK
model name:             metabat.298 
number of compartments  3 
                        c0 
                        e0 
                        p0 
number of reactions:    1051 
number of metabolites:  1015 
number of unique genes: 153 
objective function:     +1 EX_cpd11416_c0 
calculating 2102 optimizations ... OK
model name:             metabat.3 
number of compartments  3 
                        c0 
                        e0 
                        p0 
number of reactions:    1488 
number of metabolites:  1299 
number of unique genes: 330 
objective function:     +1 EX_cpd11416_c0 
calculating 2976 optimizations ... OK
model name:             metabat.30_sub 
number of compartments  3 
                        c0 
                        e0 
                        p0 
number of reactions:    1586 
number of metabolites:  1426 
number of unique genes: 380 
objective function:     +1 EX_cpd11416_c0 
calculating 3172 optimizations ... OK
model name:             metabat.31 
number of compartments  3 
                        c0 
                        e0 
                        p0 
number of reactions:    1219 
number of metabolites:  1122 
number of unique genes: 206 
objective function:     +1 EX_cpd11416_c0 
calculating 2438 optimizations ... OK
model name:             metabat.317_sub 
number of compartments  3 
                        c0 
                        e0 
                        p0 
number of reactions:    1711 
number of metabolites:  1489 
number of unique genes: 424 
objective function:     +1 EX_cpd11416_c0 
calculating 3422 optimizations ... OK
model name:             metabat.32 
number of compartments  3 
                        c0 
                        e0 
                        p0 
number of reactions:    943 
number of metabolites:  943 
number of unique genes: 122 
objective function:     +1 EX_cpd11416_c0 
calculating 1886 optimizations ... OK
model name:             metabat.328 
number of compartments  3 
                        c0 
                        e0 
                        p0 
number of reactions:    1684 
number of metabolites:  1462 
number of unique genes: 414 
objective function:     +1 EX_cpd11416_c0 
calculating 3368 optimizations ... OK
model name:             metabat.346 
number of compartments  3 
                        c0 
                        e0 
                        p0 
number of reactions:    1598 
number of metabolites:  1392 
number of unique genes: 380 
objective function:     +1 EX_cpd11416_c0 
calculating 3196 optimizations ... OK
model name:             metabat.349 
number of compartments  3 
                        c0 
                        e0 
                        p0 
number of reactions:    1222 
number of metabolites:  1151 
number of unique genes: 212 
objective function:     +1 EX_cpd11416_c0 
calculating 2444 optimizations ... OK
model name:             metabat.351 
number of compartments  3 
                        c0 
                        e0 
                        p0 
number of reactions:    1402 
number of metabolites:  1261 
number of unique genes: 277 
objective function:     +1 EX_cpd11416_c0 
calculating 2804 optimizations ... OK
model name:             metabat.352 
number of compartments  3 
                        c0 
                        e0 
                        p0 
number of reactions:    1586 
number of metabolites:  1439 
number of unique genes: 416 
objective function:     +1 EX_cpd11416_c0 
calculating 3172 optimizations ... OK
model name:             metabat.357 
number of compartments  3 
                        c0 
                        e0 
                        p0 
number of reactions:    1413 
number of metabolites:  1284 
number of unique genes: 295 
objective function:     +1 EX_cpd11416_c0 
calculating 2826 optimizations ... OK
model name:             metabat.358_sub 
number of compartments  3 
                        c0 
                        e0 
                        p0 
number of reactions:    1499 
number of metabolites:  1324 
number of unique genes: 313 
objective function:     +1 EX_cpd11416_c0 
calculating 2998 optimizations ... OK
model name:             metabat.361 
number of compartments  3 
                        c0 
                        e0 
                        p0 
number of reactions:    1638 
number of metabolites:  1415 
number of unique genes: 477 
objective function:     +1 EX_cpd11416_c0 
calculating 3276 optimizations ... OK
model name:             metabat.362 
number of compartments  3 
                        c0 
                        e0 
                        p0 
number of reactions:    1441 
number of metabolites:  1303 
number of unique genes: 337 
objective function:     +1 EX_cpd11416_c0 
calculating 2882 optimizations ... OK
model name:             metabat.363 
number of compartments  3 
                        c0 
                        e0 
                        p0 
number of reactions:    1440 
number of metabolites:  1262 
number of unique genes: 239 
objective function:     +1 EX_cpd11416_c0 
calculating 2880 optimizations ... OK
model name:             metabat.364 
number of compartments  3 
                        c0 
                        e0 
                        p0 
number of reactions:    1328 
number of metabolites:  1181 
number of unique genes: 287 
objective function:     +1 EX_cpd11416_c0 
calculating 2656 optimizations ... OK
model name:             metabat.366 
number of compartments  3 
                        c0 
                        e0 
                        p0 
number of reactions:    1606 
number of metabolites:  1445 
number of unique genes: 431 
objective function:     +1 EX_cpd11416_c0 
calculating 3212 optimizations ... OK
model name:             metabat.367 
number of compartments  3 
                        c0 
                        e0 
                        p0 
number of reactions:    1395 
number of metabolites:  1274 
number of unique genes: 322 
objective function:     +1 EX_cpd11416_c0 
calculating 2790 optimizations ... OK
model name:             metabat.373 
number of compartments  3 
                        c0 
                        e0 
                        p0 
number of reactions:    1316 
number of metabolites:  1186 
number of unique genes: 289 
objective function:     +1 EX_cpd11416_c0 
calculating 2632 optimizations ... OK
model name:             metabat.374 
number of compartments  2 
                        c0 
                        e0 
number of reactions:    1167 
number of metabolites:  1047 
number of unique genes: 229 
objective function:     +1 EX_cpd11416_c0 
calculating 2334 optimizations ... OK
model name:             metabat.377 
number of compartments  3 
                        c0 
                        e0 
                        p0 
number of reactions:    1325 
number of metabolites:  1211 
number of unique genes: 238 
objective function:     +1 EX_cpd11416_c0 
calculating 2650 optimizations ... OK
model name:             metabat.378 
number of compartments  3 
                        c0 
                        e0 
                        p0 
number of reactions:    1148 
number of metabolites:  1066 
number of unique genes: 252 
objective function:     +1 EX_cpd11416_c0 
calculating 2296 optimizations ... OK
model name:             metabat.385 
number of compartments  3 
                        c0 
                        e0 
                        p0 
number of reactions:    1406 
number of metabolites:  1282 
number of unique genes: 320 
objective function:     +1 EX_cpd11416_c0 
calculating 2812 optimizations ... OK
model name:             metabat.388_sub 
number of compartments  3 
                        c0 
                        e0 
                        p0 
number of reactions:    1615 
number of metabolites:  1442 
number of unique genes: 415 
objective function:     +1 EX_cpd11416_c0 
calculating 3230 optimizations ... OK
model name:             metabat.39 
number of compartments  3 
                        c0 
                        e0 
                        p0 
number of reactions:    1395 
number of metabolites:  1255 
number of unique genes: 325 
objective function:     +1 EX_cpd11416_c0 
calculating 2790 optimizations ... OK
model name:             metabat.390_sub 
number of compartments  2 
                        c0 
                        e0 
number of reactions:    1120 
number of metabolites:  1021 
number of unique genes: 202 
objective function:     +1 EX_cpd11416_c0 
calculating 2240 optimizations ... OK
model name:             metabat.391_sub 
number of compartments  2 
                        c0 
                        e0 
number of reactions:    1535 
number of metabolites:  1376 
number of unique genes: 396 
objective function:     +1 EX_cpd11416_c0 
calculating 3070 optimizations ... OK
model name:             metabat.44_sub 
number of compartments  3 
                        c0 
                        e0 
                        p0 
number of reactions:    1627 
number of metabolites:  1468 
number of unique genes: 408 
objective function:     +1 EX_cpd11416_c0 
calculating 3254 optimizations ... OK
model name:             metabat.47 
number of compartments  2 
                        c0 
                        e0 
number of reactions:    1615 
number of metabolites:  1422 
number of unique genes: 413 
objective function:     +1 EX_cpd11416_c0 
calculating 3230 optimizations ... OK
model name:             metabat.56 
number of compartments  3 
                        c0 
                        e0 
                        p0 
number of reactions:    1312 
number of metabolites:  1263 
number of unique genes: 339 
objective function:     +1 EX_cpd11416_c0 
calculating 2624 optimizations ... OK
model name:             metabat.61 
number of compartments  3 
                        c0 
                        e0 
                        p0 
number of reactions:    1769 
number of metabolites:  1537 
number of unique genes: 463 
objective function:     +1 EX_cpd11416_c0 
calculating 3538 optimizations ... OK
model name:             metabat.62 
number of compartments  3 
                        c0 
                        e0 
                        p0 
number of reactions:    1344 
number of metabolites:  1184 
number of unique genes: 278 
objective function:     +1 EX_cpd11416_c0 
calculating 2688 optimizations ... OK
model name:             metabat.64_sub 
number of compartments  3 
                        c0 
                        e0 
                        p0 
number of reactions:    1354 
number of metabolites:  1202 
number of unique genes: 284 
objective function:     +1 EX_cpd11416_c0 
calculating 2708 optimizations ... OK
model name:             metabat.67 
number of compartments  3 
                        c0 
                        e0 
                        p0 
number of reactions:    1682 
number of metabolites:  1477 
number of unique genes: 444 
objective function:     +1 EX_cpd11416_c0 
calculating 3364 optimizations ... OK
model name:             metabat.86 
number of compartments  3 
                        c0 
                        e0 
                        p0 
number of reactions:    1159 
number of metabolites:  1137 
number of unique genes: 204 
objective function:     +1 EX_cpd11416_c0 
calculating 2318 optimizations ... OK
model name:             metabat.87_sub 
number of compartments  3 
                        c0 
                        e0 
                        p0 
number of reactions:    1665 
number of metabolites:  1475 
number of unique genes: 473 
objective function:     +1 EX_cpd11416_c0 
calculating 3330 optimizations ... OK
model name:             metabat.96 
number of compartments  2 
                        c0 
                        e0 
number of reactions:    726 
number of metabolites:  714 
number of unique genes: 63 
objective function:     +1 EX_cpd11416_c0 
calculating 1452 optimizations ... OK
model name:             metabat.99 
number of compartments  3 
                        c0 
                        e0 
                        p0 
number of reactions:    1119 
number of metabolites:  1048 
number of unique genes: 198 
objective function:     +1 EX_cpd11416_c0 
calculating 2238 optimizations ... OK
[1] "concoct.0"
$concoct.0
[1] 1

[1] "concoct.105_sub"
$concoct.105_sub
[1] 1

[1] "concoct.106"
$concoct.106
[1] 1

[1] "concoct.108"
$concoct.108
[1] 1

[1] "concoct.109"
$concoct.109
[1] 1

[1] "concoct.115"
$concoct.115
[1] 1

[1] "concoct.116_sub"
$concoct.116_sub
[1] 1

[1] "concoct.118_sub"
$concoct.118_sub
[1] 1

[1] "concoct.119"
$concoct.119
[1] 1

[1] "concoct.123"
$concoct.123
[1] 1

[1] "concoct.132"
$concoct.132
[1] 1

[1] "concoct.133"
$concoct.133
[1] 1

[1] "concoct.135_sub"
$concoct.135_sub
[1] 1

[1] "concoct.140"
$concoct.140
[1] 1

[1] "concoct.142"
$concoct.142
[1] 1

[1] "concoct.144_sub"
$concoct.144_sub
[1] 1

[1] "concoct.148"
$concoct.148
[1] 1

[1] "concoct.150"
$concoct.150
[1] 1

[1] "concoct.151"
$concoct.151
[1] 1

[1] "concoct.154_sub"
$concoct.154_sub
[1] 1

[1] "concoct.155"
$concoct.155
[1] 1

[1] "concoct.164_sub"
$concoct.164_sub
[1] 1

[1] "concoct.165_sub"
$concoct.165_sub
[1] 1

[1] "concoct.169"
$concoct.169
[1] 1

[1] "concoct.173_sub"
$concoct.173_sub
[1] 1

[1] "concoct.177_sub"
$concoct.177_sub
[1] 1

[1] "concoct.178_sub"
$concoct.178_sub
[1] 1

[1] "concoct.184"
$concoct.184
[1] 1

[1] "concoct.190"
$concoct.190
[1] 1

[1] "concoct.193"
$concoct.193
[1] 1

[1] "concoct.196"
$concoct.196
[1] 1

[1] "concoct.201"
$concoct.201
[1] 1

[1] "concoct.202_sub"
$concoct.202_sub
[1] 1

[1] "concoct.206_sub"
$concoct.206_sub
[1] 1

[1] "concoct.207_sub"
$concoct.207_sub
[1] 1

[1] "concoct.212_sub"
$concoct.212_sub
[1] 1

[1] "concoct.213"
$concoct.213
[1] 1

[1] "concoct.215"
$concoct.215
[1] 1

[1] "concoct.216"
$concoct.216
[1] 1

[1] "concoct.219_sub"
$concoct.219_sub
[1] 1

[1] "concoct.223"
$concoct.223
[1] 1

[1] "concoct.226"
$concoct.226
[1] 1

[1] "concoct.23_sub"
$concoct.23_sub
[1] 1

[1] "concoct.234"
$concoct.234
[1] 1

[1] "concoct.236"
$concoct.236
[1] 1

[1] "concoct.237"
$concoct.237
[1] 1 3

[1] "concoct.238"
$concoct.238
[1] 1

[1] "concoct.245_sub"
$concoct.245_sub
[1] 1

[1] "concoct.246_sub"
$concoct.246_sub
[1] 1

[1] "concoct.247"
$concoct.247
[1] 1

[1] "concoct.254"
$concoct.254
[1] 1

[1] "concoct.258_sub"
$concoct.258_sub
[1] 1

[1] "concoct.265"
$concoct.265
[1] 1

[1] "concoct.267"
$concoct.267
[1] 1

[1] "concoct.27_sub"
$concoct.27_sub
[1] 1

[1] "concoct.271_sub"
$concoct.271_sub
[1] 1

[1] "concoct.280_sub"
$concoct.280_sub
[1] 1

[1] "concoct.287_sub"
$concoct.287_sub
[1] 1

[1] "concoct.292"
$concoct.292
[1] 1

[1] "concoct.293"
$concoct.293
[1] 1

[1] "concoct.295"
$concoct.295
[1] 1

[1] "concoct.297"
$concoct.297
[1] 1

[1] "concoct.301"
$concoct.301
[1] 1

[1] "concoct.304_sub"
$concoct.304_sub
[1] 1

[1] "concoct.310"
$concoct.310
[1] 1

[1] "concoct.312_sub"
$concoct.312_sub
[1] 1

[1] "concoct.315"
$concoct.315
[1] 1

[1] "concoct.34_sub"
$concoct.34_sub
[1] 1

[1] "concoct.38_sub"
$concoct.38_sub
[1] 1

[1] "concoct.39_sub"
$concoct.39_sub
[1] 1

[1] "concoct.42"
$concoct.42
[1] 1

[1] "concoct.46"
$concoct.46
[1] 1

[1] "concoct.52"
$concoct.52
[1] 1

[1] "concoct.57"
$concoct.57
[1] 1

[1] "concoct.60"
$concoct.60
[1] 1

[1] "concoct.62"
$concoct.62
[1] 1

[1] "concoct.66"
$concoct.66
[1] 1

[1] "concoct.7_sub"
$concoct.7_sub
[1] 1

[1] "concoct.74"
$concoct.74
[1] 1

[1] "concoct.84"
$concoct.84
[1] 1

[1] "concoct.85"
$concoct.85
[1] 1

[1] "concoct.87"
$concoct.87
[1] 1

[1] "concoct.93"
$concoct.93
[1] 1

[1] "concoct.95"
$concoct.95
[1] 1

[1] "concoct.99_sub"
$concoct.99_sub
[1] 1

[1] "maxbin.562_sub"
$maxbin.562_sub
[1] 1

[1] "metabat.1"
$metabat.1
[1] 1

[1] "metabat.103"
$metabat.103
[1] 1

[1] "metabat.104"
$metabat.104
[1] 1

[1] "metabat.107"
$metabat.107
[1] 1

[1] "metabat.110_sub"
$metabat.110_sub
[1] 1

[1] "metabat.123"
$metabat.123
[1] 1

[1] "metabat.129"
$metabat.129
[1] 1

[1] "metabat.137"
$metabat.137
[1] 1

[1] "metabat.138"
$metabat.138
[1] 1

[1] "metabat.139"
$metabat.139
[1] 1

[1] "metabat.150"
$metabat.150
[1] 1

[1] "metabat.152"
$metabat.152
[1] 1

[1] "metabat.157_sub"
$metabat.157_sub
[1] 1

[1] "metabat.163_sub"
$metabat.163_sub
[1] 1

[1] "metabat.165_sub"
$metabat.165_sub
[1] 1

[1] "metabat.181"
$metabat.181
[1] 1

[1] "metabat.182"
$metabat.182
[1] 1

[1] "metabat.184"
$metabat.184
[1] 1

[1] "metabat.19"
$metabat.19
[1] 1

[1] "metabat.191"
$metabat.191
[1] 1

[1] "metabat.194"
$metabat.194
[1] 1

[1] "metabat.196"
$metabat.196
[1] 1

[1] "metabat.199"
$metabat.199
[1] 1

[1] "metabat.204"
$metabat.204
[1] 1

[1] "metabat.205"
$metabat.205
[1] 1

[1] "metabat.208_sub"
$metabat.208_sub
[1] 1

[1] "metabat.211"
$metabat.211
[1] 1

[1] "metabat.213_sub"
$metabat.213_sub
[1] 1

[1] "metabat.214"
$metabat.214
[1] 1

[1] "metabat.215"
$metabat.215
[1] 1

[1] "metabat.217"
$metabat.217
[1] 1

[1] "metabat.218"
$metabat.218
[1] 1

[1] "metabat.220"
$metabat.220
[1] 1

[1] "metabat.221"
$metabat.221
[1] 1

[1] "metabat.222"
$metabat.222
[1] 1

[1] "metabat.223"
$metabat.223
[1] 1

[1] "metabat.226"
$metabat.226
[1] 1

[1] "metabat.228_sub"
$metabat.228_sub
[1] 1

[1] "metabat.234"
$metabat.234
[1] 1

[1] "metabat.235"
$metabat.235
[1] 1

[1] "metabat.25"
$metabat.25
[1] 1

[1] "metabat.250"
$metabat.250
[1] 1

[1] "metabat.251"
$metabat.251
[1] 1

[1] "metabat.256"
$metabat.256
[1] 1

[1] "metabat.268"
$metabat.268
[1] 1

[1] "metabat.269"
$metabat.269
[1] 1

[1] "metabat.270"
$metabat.270
[1] 1

[1] "metabat.275"
$metabat.275
[1] 1

[1] "metabat.279"
$metabat.279
[1] 1

[1] "metabat.28"
$metabat.28
[1] 1

[1] "metabat.280"
$metabat.280
[1] 1

[1] "metabat.282"
$metabat.282
[1] 1

[1] "metabat.288"
$metabat.288
[1] 1

[1] "metabat.29"
$metabat.29
[1] 1

[1] "metabat.295"
$metabat.295
[1] 1

[1] "metabat.297"
$metabat.297
[1] 1

[1] "metabat.298"
$metabat.298
[1] 1

[1] "metabat.3"
$metabat.3
[1] 1

[1] "metabat.30_sub"
$metabat.30_sub
[1] 1

[1] "metabat.31"
$metabat.31
[1] 1

[1] "metabat.317_sub"
$metabat.317_sub
[1] 1

[1] "metabat.32"
$metabat.32
[1] 1

[1] "metabat.328"
$metabat.328
[1] 1

[1] "metabat.346"
$metabat.346
[1] 1

[1] "metabat.349"
$metabat.349
[1] 1

[1] "metabat.351"
$metabat.351
[1] 1

[1] "metabat.352"
$metabat.352
[1] 1

[1] "metabat.357"
$metabat.357
[1] 1

[1] "metabat.358_sub"
$metabat.358_sub
[1] 1

[1] "metabat.361"
$metabat.361
[1] 1

[1] "metabat.362"
$metabat.362
[1] 1

[1] "metabat.363"
$metabat.363
[1] 1

[1] "metabat.364"
$metabat.364
[1] 1

[1] "metabat.366"
$metabat.366
[1] 1

[1] "metabat.367"
$metabat.367
[1] 1

[1] "metabat.373"
$metabat.373
[1] 1

[1] "metabat.374"
$metabat.374
[1] 1

[1] "metabat.377"
$metabat.377
[1] 1

[1] "metabat.378"
$metabat.378
[1] 1

[1] "metabat.385"
$metabat.385
[1] 1

[1] "metabat.388_sub"
$metabat.388_sub
[1] 1

[1] "metabat.39"
$metabat.39
[1] 1

[1] "metabat.390_sub"
$metabat.390_sub
[1] 1

[1] "metabat.391_sub"
$metabat.391_sub
[1] 1

[1] "metabat.44_sub"
$metabat.44_sub
[1] 1

[1] "metabat.47"
$metabat.47
[1] 1

[1] "metabat.56"
$metabat.56
[1] 1

[1] "metabat.61"
$metabat.61
[1] 1

[1] "metabat.62"
$metabat.62
[1] 1

[1] "metabat.64_sub"
$metabat.64_sub
[1] 1

[1] "metabat.67"
$metabat.67
[1] 1

[1] "metabat.86"
$metabat.86
[1] 1

[1] "metabat.87_sub"
$metabat.87_sub
[1] 1

[1] "metabat.96"
$metabat.96
[1] 1

[1] "metabat.99"
$metabat.99
[1] 1

